Started GET "/" for ::1 at 2021-02-24 16:05:51 -0500
  [1m[35m (8.1ms)[0m  [1m[34mSELECT sqlite_version(*)[0m
Processing by Rails::WelcomeController#index as HTML
  Rendering C:/Ruby27-x64/lib/ruby/gems/2.7.0/gems/railties-6.1.3/lib/rails/templates/rails/welcome/index.html.erb
  Rendered C:/Ruby27-x64/lib/ruby/gems/2.7.0/gems/railties-6.1.3/lib/rails/templates/rails/welcome/index.html.erb (Duration: 23.3ms | Allocations: 466)
Completed 200 OK in 108ms (Views: 53.3ms | ActiveRecord: 0.0ms | Allocations: 3845)


Started GET "/" for ::1 at 2021-02-24 16:18:47 -0500
Processing by Rails::WelcomeController#index as HTML
  Rendering C:/Ruby27-x64/lib/ruby/gems/2.7.0/gems/railties-6.1.3/lib/rails/templates/rails/welcome/index.html.erb
  Rendered C:/Ruby27-x64/lib/ruby/gems/2.7.0/gems/railties-6.1.3/lib/rails/templates/rails/welcome/index.html.erb (Duration: 7.5ms | Allocations: 216)
Completed 200 OK in 14ms (Views: 8.8ms | Allocations: 825)


Started GET "/articles" for ::1 at 2021-02-24 16:19:56 -0500
Processing by ArticlesController#index as HTML
  Rendering layout layouts/application.html.erb
  Rendering articles/index.html.erb within layouts/application
  Rendered articles/index.html.erb within layouts/application (Duration: 1.0ms | Allocations: 106)
[Webpacker] Compiling...
[Webpacker] Compiled all packs in C:/Users/tashe/OneDrive/Desktop/blog_app/blog_app/public/packs
[Webpacker] Hash: e332c6419728fac579d5
Version: webpack 4.46.0
Time: 5897ms
Built at: 24/02/2021 4:20:12 pm
                                     Asset       Size       Chunks                         Chunk Names
    js/application-f826770d917d8a37c1d8.js    125 KiB  application  [emitted] [immutable]  application
js/application-f826770d917d8a37c1d8.js.map    139 KiB  application  [emitted] [dev]        application
                             manifest.json  364 bytes               [emitted]              
Entrypoint application = js/application-f826770d917d8a37c1d8.js js/application-f826770d917d8a37c1d8.js.map
[./app/javascript/channels sync recursive _channel\.js$] ./app/javascript/channels sync _channel\.js$ 160 bytes {application} [built]
[./app/javascript/channels/index.js] 211 bytes {application} [built]
[./app/javascript/packs/application.js] 492 bytes {application} [built]
[./node_modules/webpack/buildin/module.js] (webpack)/buildin/module.js 552 bytes {application} [built]
    + 3 hidden modules

  Rendered layout layouts/application.html.erb (Duration: 17536.6ms | Allocations: 20628)
Completed 200 OK in 17558ms (Views: 17552.9ms | Allocations: 21704)


Started GET "/" for ::1 at 2021-02-24 16:22:20 -0500
Processing by ArticlesController#index as HTML
  Rendering layout layouts/application.html.erb
  Rendering articles/index.html.erb within layouts/application
  Rendered articles/index.html.erb within layouts/application (Duration: 0.2ms | Allocations: 39)
[Webpacker] Everything's up-to-date. Nothing to do
  Rendered layout layouts/application.html.erb (Duration: 56.9ms | Allocations: 4097)
Completed 200 OK in 60ms (Views: 58.8ms | Allocations: 4597)


Started GET "/" for ::1 at 2021-02-24 22:32:44 +0100
  [1m[35m (12.1ms)[0m  [1m[34mSELECT sqlite_version(*)[0m
Processing by ArticlesController#index as HTML
  Rendering layout layouts/application.html.erb
  Rendering articles/index.html.erb within layouts/application
  Rendered articles/index.html.erb within layouts/application (Duration: 33.1ms | Allocations: 352)
[Webpacker] Compiling...
Started GET "/" for ::1 at 2021-02-24 22:32:59 +0100
Processing by ArticlesController#index as HTML
  Rendering layout layouts/application.html.erb
  Rendering articles/index.html.erb within layouts/application
  Rendered articles/index.html.erb within layouts/application (Duration: 0.2ms | Allocations: 39)
[Webpacker] Compiling...
[Webpacker] Compiled all packs in C:/Users/LENOVO/Documents/Rails_project/blog/blog_app/public/packs
[Webpacker] Hash: 8d4691cd398095427bf7
Version: webpack 4.46.0
Time: 9747ms
Built at: 24/02/2021 22:33:05
                                     Asset       Size       Chunks                         Chunk Names
    js/application-6711b2536a1688e9c21f.js    125 KiB  application  [emitted] [immutable]  application
js/application-6711b2536a1688e9c21f.js.map    139 KiB  application  [emitted] [dev]        application
                             manifest.json  364 bytes               [emitted]              
Entrypoint application = js/application-6711b2536a1688e9c21f.js js/application-6711b2536a1688e9c21f.js.map
[./app/javascript/channels sync recursive _channel\.js$] ./app/javascript/channels sync _channel\.js$ 160 bytes {application} [built]
[./app/javascript/channels/index.js] 211 bytes {application} [built]
[./app/javascript/packs/application.js] 492 bytes {application} [built]
[./node_modules/webpack/buildin/module.js] (webpack)/buildin/module.js 552 bytes {application} [built]
    + 3 hidden modules

  Rendered layout layouts/application.html.erb (Duration: 21018.3ms | Allocations: 28450)
Completed 200 OK in 21199ms (Views: 21097.2ms | ActiveRecord: 0.0ms | Allocations: 32246)


[Webpacker] Compiled all packs in C:/Users/LENOVO/Documents/Rails_project/blog/blog_app/public/packs
[Webpacker] Hash: 8d4691cd398095427bf7
Version: webpack 4.46.0
Time: 2630ms
Built at: 24/02/2021 22:33:11
                                     Asset       Size       Chunks                         Chunk Names
    js/application-6711b2536a1688e9c21f.js    125 KiB  application  [emitted] [immutable]  application
js/application-6711b2536a1688e9c21f.js.map    139 KiB  application  [emitted] [dev]        application
                             manifest.json  364 bytes               [emitted]              
Entrypoint application = js/application-6711b2536a1688e9c21f.js js/application-6711b2536a1688e9c21f.js.map
[./app/javascript/channels sync recursive _channel\.js$] ./app/javascript/channels sync _channel\.js$ 160 bytes {application} [built]
[./app/javascript/channels/index.js] 211 bytes {application} [built]
[./app/javascript/packs/application.js] 492 bytes {application} [built]
[./node_modules/webpack/buildin/module.js] (webpack)/buildin/module.js 552 bytes {application} [built]
    + 3 hidden modules

  Rendered layout layouts/application.html.erb (Duration: 11241.1ms | Allocations: 10982)
Completed 200 OK in 11263ms (Views: 11243.0ms | ActiveRecord: 0.0ms | Allocations: 11308)


  [1m[35m (3.5ms)[0m  [1m[34mSELECT sqlite_version(*)[0m
  [1m[35m (109.5ms)[0m  [1m[35mCREATE TABLE "schema_migrations" ("version" varchar NOT NULL PRIMARY KEY)[0m
  [1m[35m (81.6ms)[0m  [1m[35mCREATE TABLE "ar_internal_metadata" ("key" varchar NOT NULL PRIMARY KEY, "value" varchar, "created_at" datetime(6) NOT NULL, "updated_at" datetime(6) NOT NULL)[0m
  [1m[35m (0.5ms)[0m  [1m[34mSELECT "schema_migrations"."version" FROM "schema_migrations" ORDER BY "schema_migrations"."version" ASC[0m
Migrating to CreateArticles (20210224213449)
  [1m[36mTRANSACTION (0.1ms)[0m  [1m[36mbegin transaction[0m
  [1m[35m (2.0ms)[0m  [1m[35mCREATE TABLE "articles" ("id" integer PRIMARY KEY AUTOINCREMENT NOT NULL, "title" varchar, "body" text, "created_at" datetime(6) NOT NULL, "updated_at" datetime(6) NOT NULL)[0m
  [1m[36mActiveRecord::SchemaMigration Create (0.7ms)[0m  [1m[32mINSERT INTO "schema_migrations" ("version") VALUES (?)[0m  [["version", "20210224213449"]]
  [1m[36mTRANSACTION (69.5ms)[0m  [1m[36mcommit transaction[0m
  [1m[36mActiveRecord::InternalMetadata Load (0.4ms)[0m  [1m[34mSELECT "ar_internal_metadata".* FROM "ar_internal_metadata" WHERE "ar_internal_metadata"."key" = ? LIMIT ?[0m  [["key", "environment"], ["LIMIT", 1]]
  [1m[36mTRANSACTION (0.1ms)[0m  [1m[36mbegin transaction[0m
  [1m[36mActiveRecord::InternalMetadata Create (2.0ms)[0m  [1m[32mINSERT INTO "ar_internal_metadata" ("key", "value", "created_at", "updated_at") VALUES (?, ?, ?, ?)[0m  [["key", "environment"], ["value", "development"], ["created_at", "2021-02-24 21:40:33.747182"], ["updated_at", "2021-02-24 21:40:33.747182"]]
  [1m[36mTRANSACTION (120.7ms)[0m  [1m[36mcommit transaction[0m
  [1m[35m (0.1ms)[0m  [1m[34mSELECT sqlite_version(*)[0m
  [1m[35m (0.3ms)[0m  [1m[34mSELECT "schema_migrations"."version" FROM "schema_migrations" ORDER BY "schema_migrations"."version" ASC[0m
  [1m[35m (1.3ms)[0m  [1m[34mSELECT sqlite_version(*)[0m
  [1m[36mTRANSACTION (0.1ms)[0m  [1m[36mbegin transaction[0m
  [1m[36mArticle Create (5.4ms)[0m  [1m[32mINSERT INTO "articles" ("title", "body", "created_at", "updated_at") VALUES (?, ?, ?, ?)[0m  [["title", "Hello Rails"], ["body", "I am on Rails!"], ["created_at", "2021-02-24 21:44:05.015879"], ["updated_at", "2021-02-24 21:44:05.015879"]]
  [1m[36mTRANSACTION (79.1ms)[0m  [1m[36mcommit transaction[0m
  [1m[36mArticle Load (1.0ms)[0m  [1m[34mSELECT "articles".* FROM "articles" WHERE "articles"."id" = ? LIMIT ?[0m  [["id", 1], ["LIMIT", 1]]
  [1m[36mArticle Load (0.4ms)[0m  [1m[34mSELECT "articles".* FROM "articles" WHERE "articles"."id" = ? LIMIT ?[0m  [["id", 2], ["LIMIT", 1]]
Started GET "/" for ::1 at 2021-02-24 22:53:49 +0100
  [1m[35m (1.7ms)[0m  [1m[34mSELECT sqlite_version(*)[0m
  [1m[35m (0.8ms)[0m  [1m[34mSELECT "schema_migrations"."version" FROM "schema_migrations" ORDER BY "schema_migrations"."version" ASC[0m
Processing by ArticlesController#index as HTML
  Rendering layout layouts/application.html.erb
  Rendering articles/index.html.erb within layouts/application
  [1m[36mArticle Load (0.4ms)[0m  [1m[34mSELECT "articles".* FROM "articles"[0m
  ↳ app/views/articles/index.html.erb:4
  Rendered articles/index.html.erb within layouts/application (Duration: 16.9ms | Allocations: 3875)
[Webpacker] Everything's up-to-date. Nothing to do
  Rendered layout layouts/application.html.erb (Duration: 97.6ms | Allocations: 10380)
Completed 200 OK in 136ms (Views: 113.5ms | ActiveRecord: 2.0ms | Allocations: 13284)


